<?xml version="1.0" encoding="UTF-8"?>
<coverage generated="1624939761518" clover="3.2.0">
  <project timestamp="1624939761520" name="All files">
    <metrics statements="7" coveredstatements="7" conditionals="6" coveredconditionals="6" methods="5" coveredmethods="5" elements="18" coveredelements="18" complexity="0" loc="7" ncloc="7" packages="1" files="1" classes="1"/>
    <file name="todoFilter.js" path="/Users/yagnesh/Documents/projects/react_cognify_training/src/todos/todoFilter.js">
      <metrics statements="7" coveredstatements="7" conditionals="6" coveredconditionals="6" methods="5" coveredmethods="5"/>
      <line num="4" count="1" type="stmt"/>
      <line num="5" count="10" type="stmt"/>
      <line num="11" count="1" type="stmt"/>
      <line num="19" count="1" type="stmt"/>
      <line num="27" count="1" type="stmt"/>
      <line num="35" count="1" type="stmt"/>
      <line num="41" count="2" type="stmt"/>
    </file>
  </project>
</coverage>
