{"/Users/yagnesh/Documents/projects/react_cognify_training/src/App.js": {"path":"/Users/yagnesh/Documents/projects/react_cognify_training/src/App.js","statementMap":{"0":{"start":{"line":9,"column":29},"end":{"line":13,"column":2}},"1":{"start":{"line":28,"column":12},"end":{"line":157,"column":1}},"2":{"start":{"line":29,"column":32},"end":{"line":29,"column":47}},"3":{"start":{"line":30,"column":34},"end":{"line":30,"column":46}},"4":{"start":{"line":31,"column":28},"end":{"line":31,"column":42}},"5":{"start":{"line":32,"column":38},"end":{"line":32,"column":53}},"6":{"start":{"line":34,"column":20},"end":{"line":34,"column":32}},"7":{"start":{"line":36,"column":19},"end":{"line":46,"column":8}},"8":{"start":{"line":37,"column":4},"end":{"line":45,"column":5}},"9":{"start":{"line":38,"column":6},"end":{"line":38,"column":23}},"10":{"start":{"line":39,"column":18},"end":{"line":39,"column":45}},"11":{"start":{"line":40,"column":6},"end":{"line":40,"column":28}},"12":{"start":{"line":41,"column":6},"end":{"line":41,"column":24}},"13":{"start":{"line":43,"column":6},"end":{"line":43,"column":20}},"14":{"start":{"line":44,"column":6},"end":{"line":44,"column":24}},"15":{"start":{"line":48,"column":18},"end":{"line":66,"column":3}},"16":{"start":{"line":49,"column":4},"end":{"line":49,"column":27}},"17":{"start":{"line":50,"column":4},"end":{"line":65,"column":5}},"18":{"start":{"line":51,"column":6},"end":{"line":51,"column":23}},"19":{"start":{"line":52,"column":18},"end":{"line":55,"column":8}},"20":{"start":{"line":57,"column":6},"end":{"line":57,"column":24}},"21":{"start":{"line":58,"column":6},"end":{"line":58,"column":43}},"22":{"start":{"line":59,"column":6},"end":{"line":59,"column":27}},"23":{"start":{"line":61,"column":6},"end":{"line":61,"column":35}},"24":{"start":{"line":63,"column":6},"end":{"line":63,"column":20}},"25":{"start":{"line":64,"column":6},"end":{"line":64,"column":24}},"26":{"start":{"line":68,"column":23},"end":{"line":87,"column":3}},"27":{"start":{"line":69,"column":4},"end":{"line":86,"column":5}},"28":{"start":{"line":70,"column":6},"end":{"line":70,"column":23}},"29":{"start":{"line":72,"column":18},"end":{"line":75,"column":8}},"30":{"start":{"line":77,"column":20},"end":{"line":77,"column":65}},"31":{"start":{"line":77,"column":44},"end":{"line":77,"column":64}},"32":{"start":{"line":79,"column":30},"end":{"line":79,"column":99}},"33":{"start":{"line":81,"column":6},"end":{"line":81,"column":35}},"34":{"start":{"line":82,"column":6},"end":{"line":82,"column":24}},"35":{"start":{"line":84,"column":6},"end":{"line":84,"column":24}},"36":{"start":{"line":85,"column":6},"end":{"line":85,"column":20}},"37":{"start":{"line":89,"column":21},"end":{"line":105,"column":3}},"38":{"start":{"line":90,"column":4},"end":{"line":104,"column":5}},"39":{"start":{"line":91,"column":6},"end":{"line":91,"column":23}},"40":{"start":{"line":93,"column":6},"end":{"line":93,"column":56}},"41":{"start":{"line":95,"column":20},"end":{"line":95,"column":65}},"42":{"start":{"line":95,"column":44},"end":{"line":95,"column":64}},"43":{"start":{"line":97,"column":30},"end":{"line":97,"column":89}},"44":{"start":{"line":99,"column":6},"end":{"line":99,"column":35}},"45":{"start":{"line":100,"column":6},"end":{"line":100,"column":24}},"46":{"start":{"line":102,"column":6},"end":{"line":102,"column":20}},"47":{"start":{"line":103,"column":6},"end":{"line":103,"column":24}},"48":{"start":{"line":107,"column":17},"end":{"line":128,"column":3}},"49":{"start":{"line":108,"column":4},"end":{"line":127,"column":5}},"50":{"start":{"line":109,"column":6},"end":{"line":109,"column":23}},"51":{"start":{"line":110,"column":19},"end":{"line":110,"column":21}},"52":{"start":{"line":111,"column":6},"end":{"line":115,"column":7}},"53":{"start":{"line":112,"column":8},"end":{"line":114,"column":10}},"54":{"start":{"line":117,"column":18},"end":{"line":119,"column":8}},"55":{"start":{"line":121,"column":6},"end":{"line":121,"column":24}},"56":{"start":{"line":122,"column":6},"end":{"line":122,"column":28}},"57":{"start":{"line":123,"column":6},"end":{"line":123,"column":24}},"58":{"start":{"line":125,"column":6},"end":{"line":125,"column":24}},"59":{"start":{"line":126,"column":6},"end":{"line":126,"column":20}},"60":{"start":{"line":131,"column":2},"end":{"line":134,"column":17}},"61":{"start":{"line":132,"column":4},"end":{"line":132,"column":15}},"62":{"start":{"line":133,"column":4},"end":{"line":133,"column":20}},"63":{"start":{"line":136,"column":2},"end":{"line":138,"column":3}},"64":{"start":{"line":137,"column":4},"end":{"line":137,"column":31}},"65":{"start":{"line":140,"column":2},"end":{"line":142,"column":3}},"66":{"start":{"line":141,"column":4},"end":{"line":141,"column":36}},"67":{"start":{"line":144,"column":2},"end":{"line":156,"column":4}}},"fnMap":{"0":{"name":"(anonymous_0)","decl":{"start":{"line":28,"column":12},"end":{"line":28,"column":13}},"loc":{"start":{"line":28,"column":18},"end":{"line":157,"column":1}},"line":28},"1":{"name":"(anonymous_1)","decl":{"start":{"line":36,"column":31},"end":{"line":36,"column":32}},"loc":{"start":{"line":36,"column":43},"end":{"line":46,"column":3}},"line":36},"2":{"name":"(anonymous_2)","decl":{"start":{"line":48,"column":18},"end":{"line":48,"column":19}},"loc":{"start":{"line":48,"column":33},"end":{"line":66,"column":3}},"line":48},"3":{"name":"(anonymous_3)","decl":{"start":{"line":68,"column":23},"end":{"line":68,"column":24}},"loc":{"start":{"line":68,"column":41},"end":{"line":87,"column":3}},"line":68},"4":{"name":"(anonymous_4)","decl":{"start":{"line":77,"column":39},"end":{"line":77,"column":40}},"loc":{"start":{"line":77,"column":44},"end":{"line":77,"column":64}},"line":77},"5":{"name":"(anonymous_5)","decl":{"start":{"line":89,"column":21},"end":{"line":89,"column":22}},"loc":{"start":{"line":89,"column":39},"end":{"line":105,"column":3}},"line":89},"6":{"name":"(anonymous_6)","decl":{"start":{"line":95,"column":39},"end":{"line":95,"column":40}},"loc":{"start":{"line":95,"column":44},"end":{"line":95,"column":64}},"line":95},"7":{"name":"(anonymous_7)","decl":{"start":{"line":107,"column":17},"end":{"line":107,"column":18}},"loc":{"start":{"line":107,"column":29},"end":{"line":128,"column":3}},"line":107},"8":{"name":"(anonymous_8)","decl":{"start":{"line":131,"column":12},"end":{"line":131,"column":13}},"loc":{"start":{"line":131,"column":18},"end":{"line":134,"column":3}},"line":131},"9":{"name":"(anonymous_9)","decl":{"start":{"line":133,"column":11},"end":{"line":133,"column":12}},"loc":{"start":{"line":133,"column":17},"end":{"line":133,"column":19}},"line":133}},"branchMap":{"0":{"loc":{"start":{"line":111,"column":6},"end":{"line":115,"column":7}},"type":"if","locations":[{"start":{"line":111,"column":6},"end":{"line":115,"column":7}},{"start":{"line":111,"column":6},"end":{"line":115,"column":7}}],"line":111},"1":{"loc":{"start":{"line":136,"column":2},"end":{"line":138,"column":3}},"type":"if","locations":[{"start":{"line":136,"column":2},"end":{"line":138,"column":3}},{"start":{"line":136,"column":2},"end":{"line":138,"column":3}}],"line":136},"2":{"loc":{"start":{"line":140,"column":2},"end":{"line":142,"column":3}},"type":"if","locations":[{"start":{"line":140,"column":2},"end":{"line":142,"column":3}},{"start":{"line":140,"column":2},"end":{"line":142,"column":3}}],"line":140}},"s":{"0":1,"1":1,"2":4,"3":4,"4":4,"5":4,"6":4,"7":4,"8":1,"9":1,"10":1,"11":1,"12":1,"13":0,"14":0,"15":4,"16":0,"17":0,"18":0,"19":0,"20":0,"21":0,"22":0,"23":0,"24":0,"25":0,"26":4,"27":0,"28":0,"29":0,"30":0,"31":0,"32":0,"33":0,"34":0,"35":0,"36":0,"37":4,"38":0,"39":0,"40":0,"41":0,"42":0,"43":0,"44":0,"45":0,"46":0,"47":0,"48":4,"49":0,"50":0,"51":0,"52":0,"53":0,"54":0,"55":0,"56":0,"57":0,"58":0,"59":0,"60":4,"61":1,"62":1,"63":4,"64":2,"65":2,"66":0,"67":2},"f":{"0":4,"1":1,"2":0,"3":0,"4":0,"5":0,"6":0,"7":0,"8":1,"9":1},"b":{"0":[0,0],"1":[2,2],"2":[0,2]},"_coverageSchema":"1a1c01bbd47fc00a2c39e90264f33305004495a9","hash":"247fefdaf82239b2489d9fcd3cba815d943c1d30"}
,"/Users/yagnesh/Documents/projects/react_cognify_training/src/todos/todoFilter.js": {"path":"/Users/yagnesh/Documents/projects/react_cognify_training/src/todos/todoFilter.js","statementMap":{"0":{"start":{"line":4,"column":19},"end":{"line":33,"column":1}},"1":{"start":{"line":5,"column":2},"end":{"line":32,"column":4}},"2":{"start":{"line":11,"column":10},"end":{"line":11,"column":26}},"3":{"start":{"line":19,"column":10},"end":{"line":19,"column":30}},"4":{"start":{"line":27,"column":10},"end":{"line":27,"column":32}},"5":{"start":{"line":35,"column":0},"end":{"line":38,"column":2}},"6":{"start":{"line":41,"column":2},"end":{"line":41,"column":54}}},"fnMap":{"0":{"name":"(anonymous_0)","decl":{"start":{"line":4,"column":19},"end":{"line":4,"column":20}},"loc":{"start":{"line":4,"column":49},"end":{"line":33,"column":1}},"line":4},"1":{"name":"(anonymous_1)","decl":{"start":{"line":10,"column":17},"end":{"line":10,"column":18}},"loc":{"start":{"line":10,"column":23},"end":{"line":12,"column":9}},"line":10},"2":{"name":"(anonymous_2)","decl":{"start":{"line":18,"column":17},"end":{"line":18,"column":18}},"loc":{"start":{"line":18,"column":23},"end":{"line":20,"column":9}},"line":18},"3":{"name":"(anonymous_3)","decl":{"start":{"line":26,"column":17},"end":{"line":26,"column":18}},"loc":{"start":{"line":26,"column":23},"end":{"line":28,"column":9}},"line":26},"4":{"name":"(anonymous_4)","decl":{"start":{"line":40,"column":32},"end":{"line":40,"column":33}},"loc":{"start":{"line":40,"column":57},"end":{"line":42,"column":1}},"line":40}},"branchMap":{"0":{"loc":{"start":{"line":9,"column":25},"end":{"line":9,"column":72}},"type":"cond-expr","locations":[{"start":{"line":9,"column":48},"end":{"line":9,"column":63}},{"start":{"line":9,"column":66},"end":{"line":9,"column":72}}],"line":9},"1":{"loc":{"start":{"line":17,"column":25},"end":{"line":17,"column":76}},"type":"cond-expr","locations":[{"start":{"line":17,"column":52},"end":{"line":17,"column":67}},{"start":{"line":17,"column":70},"end":{"line":17,"column":76}}],"line":17},"2":{"loc":{"start":{"line":25,"column":25},"end":{"line":25,"column":78}},"type":"cond-expr","locations":[{"start":{"line":25,"column":54},"end":{"line":25,"column":69}},{"start":{"line":25,"column":72},"end":{"line":25,"column":78}}],"line":25}},"s":{"0":2,"1":12,"2":1,"3":1,"4":1,"5":2,"6":2},"f":{"0":12,"1":1,"2":1,"3":1,"4":2},"b":{"0":[10,2],"1":[1,11],"2":[1,11]},"_coverageSchema":"1a1c01bbd47fc00a2c39e90264f33305004495a9","hash":"06e92a1db625f308a40241d932344b3867d7d6fe"}
,"/Users/yagnesh/Documents/projects/react_cognify_training/src/todos/todoForm.js": {"path":"/Users/yagnesh/Documents/projects/react_cognify_training/src/todos/todoForm.js","statementMap":{"0":{"start":{"line":4,"column":17},"end":{"line":12,"column":2}},"1":{"start":{"line":5,"column":2},"end":{"line":5,"column":26}},"2":{"start":{"line":6,"column":2},"end":{"line":11,"column":4}},"3":{"start":{"line":14,"column":0},"end":{"line":16,"column":2}}},"fnMap":{"0":{"name":"(anonymous_0)","decl":{"start":{"line":4,"column":28},"end":{"line":4,"column":29}},"loc":{"start":{"line":4,"column":50},"end":{"line":12,"column":1}},"line":4}},"branchMap":{},"s":{"0":1,"1":2,"2":2,"3":1},"f":{"0":2},"b":{},"_coverageSchema":"1a1c01bbd47fc00a2c39e90264f33305004495a9","hash":"46b22c45514e9d6b0e0431a5746246ccaa7500fa"}
,"/Users/yagnesh/Documents/projects/react_cognify_training/src/todos/todoList.js": {"path":"/Users/yagnesh/Documents/projects/react_cognify_training/src/todos/todoList.js","statementMap":{"0":{"start":{"line":4,"column":17},"end":{"line":34,"column":1}},"1":{"start":{"line":5,"column":2},"end":{"line":33,"column":4}},"2":{"start":{"line":9,"column":8},"end":{"line":30,"column":14}},"3":{"start":{"line":14,"column":14},"end":{"line":14,"column":37}},"4":{"start":{"line":26,"column":14},"end":{"line":26,"column":35}},"5":{"start":{"line":36,"column":0},"end":{"line":40,"column":2}}},"fnMap":{"0":{"name":"(anonymous_0)","decl":{"start":{"line":4,"column":17},"end":{"line":4,"column":18}},"loc":{"start":{"line":4,"column":57},"end":{"line":34,"column":1}},"line":4},"1":{"name":"(anonymous_1)","decl":{"start":{"line":8,"column":16},"end":{"line":8,"column":17}},"loc":{"start":{"line":9,"column":8},"end":{"line":30,"column":14}},"line":9},"2":{"name":"(anonymous_2)","decl":{"start":{"line":13,"column":22},"end":{"line":13,"column":23}},"loc":{"start":{"line":13,"column":28},"end":{"line":15,"column":13}},"line":13},"3":{"name":"(anonymous_3)","decl":{"start":{"line":25,"column":21},"end":{"line":25,"column":22}},"loc":{"start":{"line":25,"column":27},"end":{"line":27,"column":13}},"line":25}},"branchMap":{"0":{"loc":{"start":{"line":19,"column":30},"end":{"line":19,"column":71}},"type":"cond-expr","locations":[{"start":{"line":19,"column":48},"end":{"line":19,"column":62}},{"start":{"line":19,"column":65},"end":{"line":19,"column":71}}],"line":19}},"s":{"0":2,"1":6,"2":9,"3":3,"4":3,"5":2},"f":{"0":6,"1":9,"2":3,"3":3},"b":{"0":[3,6]},"_coverageSchema":"1a1c01bbd47fc00a2c39e90264f33305004495a9","hash":"2b6bbf3f2e1f6ac8ccbb88de753e10865c1e5e7e"}
}
