{"/Users/yagnesh/Documents/projects/react_cognify_training/src/todos/todoFilter.js": {"path":"/Users/yagnesh/Documents/projects/react_cognify_training/src/todos/todoFilter.js","statementMap":{"0":{"start":{"line":4,"column":19},"end":{"line":33,"column":1}},"1":{"start":{"line":5,"column":2},"end":{"line":32,"column":4}},"2":{"start":{"line":11,"column":10},"end":{"line":11,"column":26}},"3":{"start":{"line":19,"column":10},"end":{"line":19,"column":30}},"4":{"start":{"line":27,"column":10},"end":{"line":27,"column":32}},"5":{"start":{"line":35,"column":0},"end":{"line":38,"column":2}},"6":{"start":{"line":41,"column":2},"end":{"line":41,"column":54}}},"fnMap":{"0":{"name":"(anonymous_0)","decl":{"start":{"line":4,"column":19},"end":{"line":4,"column":20}},"loc":{"start":{"line":4,"column":49},"end":{"line":33,"column":1}},"line":4},"1":{"name":"(anonymous_1)","decl":{"start":{"line":10,"column":17},"end":{"line":10,"column":18}},"loc":{"start":{"line":10,"column":23},"end":{"line":12,"column":9}},"line":10},"2":{"name":"(anonymous_2)","decl":{"start":{"line":18,"column":17},"end":{"line":18,"column":18}},"loc":{"start":{"line":18,"column":23},"end":{"line":20,"column":9}},"line":18},"3":{"name":"(anonymous_3)","decl":{"start":{"line":26,"column":17},"end":{"line":26,"column":18}},"loc":{"start":{"line":26,"column":23},"end":{"line":28,"column":9}},"line":26},"4":{"name":"(anonymous_4)","decl":{"start":{"line":40,"column":32},"end":{"line":40,"column":33}},"loc":{"start":{"line":40,"column":57},"end":{"line":42,"column":1}},"line":40}},"branchMap":{"0":{"loc":{"start":{"line":9,"column":25},"end":{"line":9,"column":72}},"type":"cond-expr","locations":[{"start":{"line":9,"column":48},"end":{"line":9,"column":63}},{"start":{"line":9,"column":66},"end":{"line":9,"column":72}}],"line":9},"1":{"loc":{"start":{"line":17,"column":25},"end":{"line":17,"column":76}},"type":"cond-expr","locations":[{"start":{"line":17,"column":52},"end":{"line":17,"column":67}},{"start":{"line":17,"column":70},"end":{"line":17,"column":76}}],"line":17},"2":{"loc":{"start":{"line":25,"column":25},"end":{"line":25,"column":78}},"type":"cond-expr","locations":[{"start":{"line":25,"column":54},"end":{"line":25,"column":69}},{"start":{"line":25,"column":72},"end":{"line":25,"column":78}}],"line":25}},"s":{"0":1,"1":10,"2":1,"3":1,"4":1,"5":1,"6":2},"f":{"0":10,"1":1,"2":1,"3":1,"4":2},"b":{"0":[8,2],"1":[1,9],"2":[1,9]},"_coverageSchema":"1a1c01bbd47fc00a2c39e90264f33305004495a9","hash":"06e92a1db625f308a40241d932344b3867d7d6fe"}
}
