TN:
SF:src/App.js
FN:28,(anonymous_0)
FN:36,(anonymous_1)
FN:48,(anonymous_2)
FN:68,(anonymous_3)
FN:77,(anonymous_4)
FN:89,(anonymous_5)
FN:95,(anonymous_6)
FN:107,(anonymous_7)
FN:131,(anonymous_8)
FN:133,(anonymous_9)
FNF:10
FNH:4
FNDA:4,(anonymous_0)
FNDA:1,(anonymous_1)
FNDA:0,(anonymous_2)
FNDA:0,(anonymous_3)
FNDA:0,(anonymous_4)
FNDA:0,(anonymous_5)
FNDA:0,(anonymous_6)
FNDA:0,(anonymous_7)
FNDA:1,(anonymous_8)
FNDA:1,(anonymous_9)
DA:9,1
DA:28,1
DA:29,4
DA:30,4
DA:31,4
DA:32,4
DA:34,4
DA:36,4
DA:37,1
DA:38,1
DA:39,1
DA:40,1
DA:41,1
DA:43,0
DA:44,0
DA:48,4
DA:49,0
DA:50,0
DA:51,0
DA:52,0
DA:57,0
DA:58,0
DA:59,0
DA:61,0
DA:63,0
DA:64,0
DA:68,4
DA:69,0
DA:70,0
DA:72,0
DA:77,0
DA:79,0
DA:81,0
DA:82,0
DA:84,0
DA:85,0
DA:89,4
DA:90,0
DA:91,0
DA:93,0
DA:95,0
DA:97,0
DA:99,0
DA:100,0
DA:102,0
DA:103,0
DA:107,4
DA:108,0
DA:109,0
DA:110,0
DA:111,0
DA:112,0
DA:117,0
DA:121,0
DA:122,0
DA:123,0
DA:125,0
DA:126,0
DA:131,4
DA:132,1
DA:133,1
DA:136,4
DA:137,2
DA:140,2
DA:141,0
DA:144,2
LF:66
LH:24
BRDA:111,0,0,0
BRDA:111,0,1,0
BRDA:136,1,0,2
BRDA:136,1,1,2
BRDA:140,2,0,0
BRDA:140,2,1,2
BRF:6
BRH:3
end_of_record
TN:
SF:src/todos/todoFilter.js
FN:4,(anonymous_0)
FN:10,(anonymous_1)
FN:18,(anonymous_2)
FN:26,(anonymous_3)
FN:40,(anonymous_4)
FNF:5
FNH:5
FNDA:12,(anonymous_0)
FNDA:1,(anonymous_1)
FNDA:1,(anonymous_2)
FNDA:1,(anonymous_3)
FNDA:2,(anonymous_4)
DA:4,2
DA:5,12
DA:11,1
DA:19,1
DA:27,1
DA:35,2
DA:41,2
LF:7
LH:7
BRDA:9,0,0,10
BRDA:9,0,1,2
BRDA:17,1,0,1
BRDA:17,1,1,11
BRDA:25,2,0,1
BRDA:25,2,1,11
BRF:6
BRH:6
end_of_record
TN:
SF:src/todos/todoForm.js
FN:4,(anonymous_0)
FNF:1
FNH:1
FNDA:2,(anonymous_0)
DA:4,1
DA:5,2
DA:6,2
DA:14,1
LF:4
LH:4
BRF:0
BRH:0
end_of_record
TN:
SF:src/todos/todoList.js
FN:4,(anonymous_0)
FN:8,(anonymous_1)
FN:13,(anonymous_2)
FN:25,(anonymous_3)
FNF:4
FNH:4
FNDA:6,(anonymous_0)
FNDA:9,(anonymous_1)
FNDA:3,(anonymous_2)
FNDA:3,(anonymous_3)
DA:4,2
DA:5,6
DA:9,9
DA:14,3
DA:26,3
DA:36,2
LF:6
LH:6
BRDA:19,0,0,3
BRDA:19,0,1,6
BRF:2
BRH:2
end_of_record
