TN:
SF:src/todos/todoFilter.js
FN:4,(anonymous_0)
FN:10,(anonymous_1)
FN:18,(anonymous_2)
FN:26,(anonymous_3)
FN:40,(anonymous_4)
FNF:5
FNH:5
FNDA:10,(anonymous_0)
FNDA:1,(anonymous_1)
FNDA:1,(anonymous_2)
FNDA:1,(anonymous_3)
FNDA:2,(anonymous_4)
DA:4,1
DA:5,10
DA:11,1
DA:19,1
DA:27,1
DA:35,1
DA:41,2
LF:7
LH:7
BRDA:9,0,0,8
BRDA:9,0,1,2
BRDA:17,1,0,1
BRDA:17,1,1,9
BRDA:25,2,0,1
BRDA:25,2,1,9
BRF:6
BRH:6
end_of_record
TN:
SF:src/todos/todoList.js
FN:4,(anonymous_0)
FN:8,(anonymous_1)
FN:13,(anonymous_2)
FN:25,(anonymous_3)
FNF:4
FNH:2
FNDA:4,(anonymous_0)
FNDA:6,(anonymous_1)
FNDA:0,(anonymous_2)
FNDA:0,(anonymous_3)
DA:4,1
DA:5,4
DA:9,6
DA:14,0
DA:26,0
DA:36,1
LF:6
LH:4
BRDA:19,0,0,2
BRDA:19,0,1,4
BRF:2
BRH:2
end_of_record
